<?xml version="1.0" encoding="UTF-8"?>
<testsuite xmlns:xsi="http://www.w3.org/2001/XMLSchema-instance" xsi:noNamespaceSchemaLocation="https://maven.apache.org/surefire/maven-surefire-plugin/xsd/surefire-test-report.xsd" name="runners.MyRunner" time="561.839" tests="43" errors="0" skipped="0" failures="0">
  <properties>
[...]
</properties>
  <testcase name="Given that i am on the shopping website" classname="Scenario: add to cart" time="0"/>
  <testcase name="When i log in" classname="Scenario: add to cart" time="0"/>
  <testcase name="And i search for an item" classname="Scenario: add to cart" time="0"/>
  <testcase name="And i can view the item" classname="Scenario: add to cart" time="0"/>
  <testcase name="Then i can add the item to cart" classname="Scenario: add to cart" time="0"/>
  <testcase name="Scenario: add to cart" classname="Scenario: add to cart" time="0"/>
  <testcase name="Given that i am on the site homepage" classname="Scenario: add to wishlist" time="0"/>
  <testcase name="When i select one item" classname="Scenario: add to wishlist" time="0"/>
  <testcase name="Then i can add the item to wishlist" classname="Scenario: add to wishlist" time="0"/>
  <testcase name="Scenario: add to wishlist" classname="Scenario: add to wishlist" time="0"/>
  <testcase name="Given i am shopping on the site" classname="Scenario: Checkout" time="0"/>
  <testcase name="When i login into the site" classname="Scenario: Checkout" time="0"/>
  <testcase name="And i search for that item" classname="Scenario: Checkout" time="0"/>
  <testcase name="And i can view the item searched" classname="Scenario: Checkout" time="0"/>
  <testcase name="And i can add the searched item to cart" classname="Scenario: Checkout" time="0"/>
  <testcase name="Then i can proceed to check out" classname="Scenario: Checkout" time="0"/>
  <testcase name="Scenario: Checkout" classname="Scenario: Checkout" time="0"/>
  <testcase name="Given that i am on the website to shop" classname="Scenario: signing in with wrong login credentials" time="0"/>
  <testcase name="When i will click on the sign in button" classname="Scenario: signing in with wrong login credentials" time="0"/>
  <testcase name="And i fill in the required fields with the wrong credentials" classname="Scenario: signing in with wrong login credentials" time="0"/>
  <testcase name="Then i will not be able sign into the website" classname="Scenario: signing in with wrong login credentials" time="0"/>
  <testcase name="Scenario: signing in with wrong login credentials" classname="Scenario: signing in with wrong login credentials" time="0"/>
  <testcase name="Given i am on the landing page of the site" classname="Scenario: item not found on the site" time="0"/>
  <testcase name="When i click sign in to login" classname="Scenario: item not found on the site" time="0"/>
  <testcase name="And i will search for an item not available on the site" classname="Scenario: item not found on the site" time="0"/>
  <testcase name="Then i can return home" classname="Scenario: item not found on the site" time="0"/>
  <testcase name="Scenario: item not found on the site" classname="Scenario: item not found on the site" time="0"/>
  <testcase name="Given i am on the site" classname="Scenario: Adding Item to wishlist" time="0"/>
  <testcase name="When i will login into the site" classname="Scenario: Adding Item to wishlist" time="0"/>
  <testcase name="And i will return home on the site" classname="Scenario: Adding Item to wishlist" time="0"/>
  <testcase name="And i will select an item" classname="Scenario: Adding Item to wishlist" time="0"/>
  <testcase name="Then i can successfully add the item to my wishlist" classname="Scenario: Adding Item to wishlist" time="0"/>
  <testcase name="Scenario: Adding Item to wishlist" classname="Scenario: Adding Item to wishlist" time="0"/>
  <testcase name="Given i will be on the shopping site" classname="Scenario: Search" time="0"/>
  <testcase name="When i login into the shopping website" classname="Scenario: Search" time="0"/>
  <testcase name="And i will search for a specific item" classname="Scenario: Search" time="0"/>
  <testcase name="Then i can view the that specific item searched" classname="Scenario: Search" time="0"/>
  <testcase name="Scenario: Search" classname="Scenario: Search" time="0"/>
  <testcase name="Given that i am on the website" classname="Scenario: sign in" time="0"/>
  <testcase name="When i click on the sign in button" classname="Scenario: sign in" time="0"/>
  <testcase name="And i fill in the required fields" classname="Scenario: sign in" time="0"/>
  <testcase name="Then i can sign into the website" classname="Scenario: sign in" time="0"/>
  <testcase name="Scenario: sign in" classname="Scenario: sign in" time="0"/>
</testsuite>