<?xml version="1.0" encoding="UTF-8"?>
<testsuite xmlns:xsi="http://www.w3.org/2001/XMLSchema-instance" xsi:noNamespaceSchemaLocation="https://maven.apache.org/surefire/maven-surefire-plugin/xsd/surefire-test-report.xsd" name="runners.MyRunner" time="301.161" tests="27" errors="2" skipped="0" failures="0">
  <properties>
[...]
</properties>
  <testcase name="Given that i am on the shopping website" classname="Scenario: add to cart" time="0"/>
  <testcase name="When i log in" classname="Scenario: add to cart" time="0"/>
  <testcase name="And i search for an item" classname="Scenario: add to cart" time="0"/>
  <testcase name="And i can view the item" classname="Scenario: add to cart" time="0"/>
  <testcase name="Then i can add the item to cart" classname="Scenario: add to cart" time="0"/>
  <testcase name="Scenario: add to cart" classname="Scenario: add to cart" time="0"/>
  <testcase name="Given that i am on the site homepage" classname="Scenario: add to wishlist" time="0"/>
  <testcase name="When i select one item" classname="Scenario: add to wishlist" time="0"/>
  <testcase name="Then i can add the item to wishlist" classname="Scenario: add to wishlist" time="0"/>
  <testcase name="Scenario: add to wishlist" classname="Scenario: add to wishlist" time="0.001"/>
  <testcase name="Given i am shopping on the site" classname="Scenario: Checkout" time="0"/>
  <testcase name="When i login into the site" classname="Scenario: Checkout" time="0"/>
  <testcase name="And i search for that item" classname="Scenario: Checkout" time="0"/>
  <testcase name="And i can view the item searched" classname="Scenario: Checkout" time="0"/>
  <testcase name="And i can add the searched item to cart" classname="Scenario: Checkout" time="0"/>
  <testcase name="Then i can proceed to check out" classname="Scenario: Checkout" time="0.003">
    <error message="no such element: Unable to locate element: {&quot;method&quot;:&quot;css selector&quot;,&quot;selector&quot;:&quot;.icon\-chevron\-right\ right&quot;}&#10;  (Session info: chrome=93.0.4577.63)&#10;For documentation on this error, please visit: http://seleniumhq.org/exceptions/no_such_element.html&#10;Build info: version: &apos;3.11.0&apos;, revision: &apos;e59cfb3&apos;, time: &apos;2018-03-11T20:26:55.152Z&apos;&#10;System info: host: &apos;TMABUSELA&apos;, ip: &apos;192.168.55.69&apos;, os.name: &apos;Windows 10&apos;, os.arch: &apos;amd64&apos;, os.version: &apos;10.0&apos;, java.version: &apos;15.0.1&apos;&#10;Driver info: org.openqa.selenium.chrome.ChromeDriver&#10;Capabilities {acceptInsecureCerts: false, browserName: chrome, browserVersion: 93.0.4577.63, chrome: {chromedriverVersion: 93.0.4577.63 (ff5c0da2ec0ad..., userDataDir: C:\Users\TMABUS~1\AppData\L...}, goog:chromeOptions: {debuggerAddress: localhost:57412}, javascriptEnabled: true, networkConnectionEnabled: false, pageLoadStrategy: normal, platform: WINDOWS, platformName: WINDOWS, proxy: Proxy(), setWindowRect: true, strictFileInteractability: false, timeouts: {implicit: 0, pageLoad: 300000, script: 30000}, unhandledPromptBehavior: dismiss and notify, webauthn:extension:credBlob: true, webauthn:extension:largeBlob: true, webauthn:virtualAuthenticators: true}&#10;Session ID: 399141984f21c113d7682485cfeb4053&#10;*** Element info: {Using=class name, value=icon-chevron-right right}" type="org.openqa.selenium.NoSuchElementException">org.openqa.selenium.NoSuchElementException: 
no such element: Unable to locate element: {"method":"css selector","selector":".icon\-chevron\-right\ right"}
  (Session info: chrome=93.0.4577.63)
For documentation on this error, please visit: http://seleniumhq.org/exceptions/no_such_element.html
Build info: version: '3.11.0', revision: 'e59cfb3', time: '2018-03-11T20:26:55.152Z'
System info: host: 'TMABUSELA', ip: '192.168.55.69', os.name: 'Windows 10', os.arch: 'amd64', os.version: '10.0', java.version: '15.0.1'
Driver info: org.openqa.selenium.chrome.ChromeDriver
Capabilities {acceptInsecureCerts: false, browserName: chrome, browserVersion: 93.0.4577.63, chrome: {chromedriverVersion: 93.0.4577.63 (ff5c0da2ec0ad..., userDataDir: C:\Users\TMABUS~1\AppData\L...}, goog:chromeOptions: {debuggerAddress: localhost:57412}, javascriptEnabled: true, networkConnectionEnabled: false, pageLoadStrategy: normal, platform: WINDOWS, platformName: WINDOWS, proxy: Proxy(), setWindowRect: true, strictFileInteractability: false, timeouts: {implicit: 0, pageLoad: 300000, script: 30000}, unhandledPromptBehavior: dismiss and notify, webauthn:extension:credBlob: true, webauthn:extension:largeBlob: true, webauthn:virtualAuthenticators: true}
Session ID: 399141984f21c113d7682485cfeb4053
*** Element info: {Using=class name, value=icon-chevron-right right}
</error>
  </testcase>
  <testcase name="Scenario: Checkout" classname="Scenario: Checkout" time="0.003">
    <error message="no such element: Unable to locate element: {&quot;method&quot;:&quot;css selector&quot;,&quot;selector&quot;:&quot;.icon\-chevron\-right\ right&quot;}&#10;  (Session info: chrome=93.0.4577.63)&#10;For documentation on this error, please visit: http://seleniumhq.org/exceptions/no_such_element.html&#10;Build info: version: &apos;3.11.0&apos;, revision: &apos;e59cfb3&apos;, time: &apos;2018-03-11T20:26:55.152Z&apos;&#10;System info: host: &apos;TMABUSELA&apos;, ip: &apos;192.168.55.69&apos;, os.name: &apos;Windows 10&apos;, os.arch: &apos;amd64&apos;, os.version: &apos;10.0&apos;, java.version: &apos;15.0.1&apos;&#10;Driver info: org.openqa.selenium.chrome.ChromeDriver&#10;Capabilities {acceptInsecureCerts: false, browserName: chrome, browserVersion: 93.0.4577.63, chrome: {chromedriverVersion: 93.0.4577.63 (ff5c0da2ec0ad..., userDataDir: C:\Users\TMABUS~1\AppData\L...}, goog:chromeOptions: {debuggerAddress: localhost:57412}, javascriptEnabled: true, networkConnectionEnabled: false, pageLoadStrategy: normal, platform: WINDOWS, platformName: WINDOWS, proxy: Proxy(), setWindowRect: true, strictFileInteractability: false, timeouts: {implicit: 0, pageLoad: 300000, script: 30000}, unhandledPromptBehavior: dismiss and notify, webauthn:extension:credBlob: true, webauthn:extension:largeBlob: true, webauthn:virtualAuthenticators: true}&#10;Session ID: 399141984f21c113d7682485cfeb4053&#10;*** Element info: {Using=class name, value=icon-chevron-right right}" type="org.openqa.selenium.NoSuchElementException">org.openqa.selenium.NoSuchElementException: 
no such element: Unable to locate element: {"method":"css selector","selector":".icon\-chevron\-right\ right"}
  (Session info: chrome=93.0.4577.63)
For documentation on this error, please visit: http://seleniumhq.org/exceptions/no_such_element.html
Build info: version: '3.11.0', revision: 'e59cfb3', time: '2018-03-11T20:26:55.152Z'
System info: host: 'TMABUSELA', ip: '192.168.55.69', os.name: 'Windows 10', os.arch: 'amd64', os.version: '10.0', java.version: '15.0.1'
Driver info: org.openqa.selenium.chrome.ChromeDriver
Capabilities {acceptInsecureCerts: false, browserName: chrome, browserVersion: 93.0.4577.63, chrome: {chromedriverVersion: 93.0.4577.63 (ff5c0da2ec0ad..., userDataDir: C:\Users\TMABUS~1\AppData\L...}, goog:chromeOptions: {debuggerAddress: localhost:57412}, javascriptEnabled: true, networkConnectionEnabled: false, pageLoadStrategy: normal, platform: WINDOWS, platformName: WINDOWS, proxy: Proxy(), setWindowRect: true, strictFileInteractability: false, timeouts: {implicit: 0, pageLoad: 300000, script: 30000}, unhandledPromptBehavior: dismiss and notify, webauthn:extension:credBlob: true, webauthn:extension:largeBlob: true, webauthn:virtualAuthenticators: true}
Session ID: 399141984f21c113d7682485cfeb4053
*** Element info: {Using=class name, value=icon-chevron-right right}
</error>
  </testcase>
  <testcase name="Given i will be on the shopping site" classname="Scenario: Search" time="0"/>
  <testcase name="When i login into the shopping website" classname="Scenario: Search" time="0"/>
  <testcase name="And i will search for a specific item" classname="Scenario: Search" time="0"/>
  <testcase name="Then i can view the that specific item searched" classname="Scenario: Search" time="0"/>
  <testcase name="Scenario: Search" classname="Scenario: Search" time="0.001"/>
  <testcase name="Given that i am on the website" classname="Scenario: sign in" time="0"/>
  <testcase name="When i click on the sign in button" classname="Scenario: sign in" time="0"/>
  <testcase name="And i fill in the required fields" classname="Scenario: sign in" time="0"/>
  <testcase name="Then i can sign into the website" classname="Scenario: sign in" time="0"/>
  <testcase name="Scenario: sign in" classname="Scenario: sign in" time="0.001"/>
</testsuite>